[debug] [2020-07-27T09:11:57.661Z] ----------------------------------------------------------------------
[debug] [2020-07-27T09:11:57.672Z] Command:       C:\Program Files\nodejs\node.exe C:\Users\Jhan\AppData\Roaming\npm\node_modules\firebase-tools\lib\bin\firebase.js init
[debug] [2020-07-27T09:11:57.674Z] CLI Version:   8.6.0
[debug] [2020-07-27T09:11:57.674Z] Platform:      win32
[debug] [2020-07-27T09:11:57.675Z] Node Version:  v14.6.0
[debug] [2020-07-27T09:11:57.745Z] Time:          Mon Jul 27 2020 04:11:57 GMT-0500 (hora estándar de Perú)
[debug] [2020-07-27T09:11:57.745Z] ----------------------------------------------------------------------
[debug] [2020-07-27T09:11:57.745Z] 
[debug] [2020-07-27T09:11:57.823Z] > command requires scopes: ["email","openid","https://www.googleapis.com/auth/cloudplatformprojects.readonly","https://www.googleapis.com/auth/firebase","https://www.googleapis.com/auth/cloud-platform"]
[debug] [2020-07-27T09:11:57.824Z] > authorizing via signed-in user
[info] 
     ######## #### ########  ######## ########     ###     ######  ########
     ##        ##  ##     ## ##       ##     ##  ##   ##  ##       ##
     ######    ##  ########  ######   ########  #########  ######  ######
     ##        ##  ##    ##  ##       ##     ## ##     ##       ## ##
     ##       #### ##     ## ######## ########  ##     ##  ######  ########

You're about to initialize a Firebase project in this directory:

  C:\Users\Jhan\Practicas\practica-upeu

Before we get started, keep in mind:

  * You are initializing in an existing Firebase project directory

